<?xml version="1.0" encoding="UTF-8"?>
<testsuite name="lecture7.AliExpressSeleniumDemo" tests="1" skipped="0" failures="0" errors="0" timestamp="2022-12-01T21:44:13" hostname="LENOUT" time="14.677">
  <properties/>
  <testcase name="AliExpressDemoTest()" classname="lecture7.AliExpressSeleniumDemo" time="14.677"/>
  <system-out><![CDATA[]]></system-out>
  <system-err><![CDATA[SLF4J: Failed to load class "org.slf4j.impl.StaticLoggerBinder".
SLF4J: Defaulting to no-operation (NOP) logger implementation
SLF4J: See http://www.slf4j.org/codes.html#StaticLoggerBinder for further details.
Starting ChromeDriver 108.0.5359.71 (1e0e3868ee06e91ad636a874420e3ca3ae3756ac-refs/branch-heads/5359@{#1016}) on port 18595
Only local connections are allowed.
Please see https://chromedriver.chromium.org/security-considerations for suggestions on keeping ChromeDriver safe.
ChromeDriver was started successfully.
???. 01, 2022 11:44:18 PM org.openqa.selenium.devtools.CdpVersionFinder findNearestMatch
WARNING: Unable to find an exact match for CDP version 108, so returning the closest version found: 107
]]></system-err>
</testsuite>
