<?xml version="1.0" encoding="UTF-8"?>
<testsuite name="lecture8.SeleniumPageObjectDogs" tests="1" skipped="0" failures="0" errors="0" timestamp="2022-12-07T22:33:55" hostname="LENOUT" time="10.875">
  <properties/>
  <testcase name="someDemoTest()" classname="lecture8.SeleniumPageObjectDogs" time="10.875"/>
  <system-out><![CDATA[]]></system-out>
  <system-err><![CDATA[SLF4J: No SLF4J providers were found.
SLF4J: Defaulting to no-operation (NOP) logger implementation
SLF4J: See https://www.slf4j.org/codes.html#noProviders for further details.
Starting ChromeDriver 108.0.5359.71 (1e0e3868ee06e91ad636a874420e3ca3ae3756ac-refs/branch-heads/5359@{#1016}) on port 19513
Only local connections are allowed.
Please see https://chromedriver.chromium.org/security-considerations for suggestions on keeping ChromeDriver safe.
ChromeDriver was started successfully.
???. 08, 2022 12:33:59 AM org.openqa.selenium.devtools.CdpVersionFinder findNearestMatch
WARNING: Unable to find an exact match for CDP version 108, so returning the closest version found: 107
]]></system-err>
</testsuite>
